1576362564579	mozrunner::runner	INFO	Running command: "firefox" "-marionette" "--private" "--headless" "-foreground" "-no-remote" "-profile" "/tmp/rust_mozprofileM8W236"
*** You are running in headless mode.
1576362566635	addons.webextension.screenshots@mozilla.org	WARN	Loading extension 'screenshots@mozilla.org': Reading manifest: Invalid extension permission: mozillaAddons
1576362566636	addons.webextension.screenshots@mozilla.org	WARN	Loading extension 'screenshots@mozilla.org': Reading manifest: Invalid extension permission: telemetry
1576362566636	addons.webextension.screenshots@mozilla.org	WARN	Loading extension 'screenshots@mozilla.org': Reading manifest: Invalid extension permission: resource://pdf.js/
1576362566637	addons.webextension.screenshots@mozilla.org	WARN	Loading extension 'screenshots@mozilla.org': Reading manifest: Invalid extension permission: about:reader*
JavaScript error: chrome://browser/content/aboutPrivateBrowsing.js, line 8: ReferenceError: RPMIsWindowPrivate is not defined
1576362569828	Marionette	INFO	Listening on port 45650
1576362569928	Marionette	WARN	TLS certificate errors will be ignored for this session
1576362582586	mozrunner::runner	INFO	Running command: "firefox" "-marionette" "--private" "--headless" "-foreground" "-no-remote" "-profile" "/tmp/rust_mozprofilepp8DPq"
*** You are running in headless mode.
1576362583063	addons.webextension.screenshots@mozilla.org	WARN	Loading extension 'screenshots@mozilla.org': Reading manifest: Invalid extension permission: mozillaAddons
1576362583064	addons.webextension.screenshots@mozilla.org	WARN	Loading extension 'screenshots@mozilla.org': Reading manifest: Invalid extension permission: telemetry
1576362583064	addons.webextension.screenshots@mozilla.org	WARN	Loading extension 'screenshots@mozilla.org': Reading manifest: Invalid extension permission: resource://pdf.js/
1576362583064	addons.webextension.screenshots@mozilla.org	WARN	Loading extension 'screenshots@mozilla.org': Reading manifest: Invalid extension permission: about:reader*
JavaScript error: chrome://browser/content/aboutPrivateBrowsing.js, line 8: ReferenceError: RPMIsWindowPrivate is not defined
1576362585428	Marionette	INFO	Listening on port 36143
1576362585511	Marionette	WARN	TLS certificate errors will be ignored for this session
1576362598514	mozrunner::runner	INFO	Running command: "firefox" "-marionette" "--private" "--headless" "-foreground" "-no-remote" "-profile" "/tmp/rust_mozprofilesfpnii"
*** You are running in headless mode.
1576362598979	addons.webextension.screenshots@mozilla.org	WARN	Loading extension 'screenshots@mozilla.org': Reading manifest: Invalid extension permission: mozillaAddons
1576362598980	addons.webextension.screenshots@mozilla.org	WARN	Loading extension 'screenshots@mozilla.org': Reading manifest: Invalid extension permission: telemetry
1576362598980	addons.webextension.screenshots@mozilla.org	WARN	Loading extension 'screenshots@mozilla.org': Reading manifest: Invalid extension permission: resource://pdf.js/
1576362598981	addons.webextension.screenshots@mozilla.org	WARN	Loading extension 'screenshots@mozilla.org': Reading manifest: Invalid extension permission: about:reader*
JavaScript error: chrome://browser/content/aboutPrivateBrowsing.js, line 8: ReferenceError: RPMIsWindowPrivate is not defined
1576362602012	Marionette	INFO	Listening on port 40260
1576362602073	Marionette	WARN	TLS certificate errors will be ignored for this session
1576362611160	mozrunner::runner	INFO	Running command: "firefox" "-marionette" "--private" "--headless" "-foreground" "-no-remote" "-profile" "/tmp/rust_mozprofilenvZ4jr"
*** You are running in headless mode.
1576362612126	addons.webextension.screenshots@mozilla.org	WARN	Loading extension 'screenshots@mozilla.org': Reading manifest: Invalid extension permission: mozillaAddons
1576362612127	addons.webextension.screenshots@mozilla.org	WARN	Loading extension 'screenshots@mozilla.org': Reading manifest: Invalid extension permission: telemetry
1576362612127	addons.webextension.screenshots@mozilla.org	WARN	Loading extension 'screenshots@mozilla.org': Reading manifest: Invalid extension permission: resource://pdf.js/
1576362612127	addons.webextension.screenshots@mozilla.org	WARN	Loading extension 'screenshots@mozilla.org': Reading manifest: Invalid extension permission: about:reader*
JavaScript error: chrome://browser/content/aboutPrivateBrowsing.js, line 8: ReferenceError: RPMIsWindowPrivate is not defined
[Child 20170, Chrome_ChildThread] WARNING: pipe error (57): Connection reset by peer: file /build/firefox-ofOs95/firefox-71.0+build5/ipc/chromium/src/chrome/common/ipc_channel_posix.cc, line 358
[Child 20170, Chrome_ChildThread] WARNING: pipe error (55): Connection reset by peer: file /build/firefox-ofOs95/firefox-71.0+build5/ipc/chromium/src/chrome/common/ipc_channel_posix.cc, line 358
Exiting due to channel error.
Exiting due to channel error.
Exiting due to channel error.
Exiting due to channel error.
Exiting due to channel error.
Exiting due to channel error.
Exiting due to channel error.
Exiting due to channel error.
Exiting due to channel error.
Exiting due to channel error.
Exiting due to channel error.
1576363093353	mozrunner::runner	INFO	Running command: "firefox" "-marionette" "--private" "--headless" "-foreground" "-no-remote" "-profile" "/tmp/rust_mozprofilemvwDiC"
*** You are running in headless mode.
1576363095451	addons.webextension.screenshots@mozilla.org	WARN	Loading extension 'screenshots@mozilla.org': Reading manifest: Invalid extension permission: mozillaAddons
1576363095452	addons.webextension.screenshots@mozilla.org	WARN	Loading extension 'screenshots@mozilla.org': Reading manifest: Invalid extension permission: telemetry
1576363095452	addons.webextension.screenshots@mozilla.org	WARN	Loading extension 'screenshots@mozilla.org': Reading manifest: Invalid extension permission: resource://pdf.js/
1576363095452	addons.webextension.screenshots@mozilla.org	WARN	Loading extension 'screenshots@mozilla.org': Reading manifest: Invalid extension permission: about:reader*
JavaScript error: chrome://browser/content/aboutPrivateBrowsing.js, line 8: ReferenceError: RPMIsWindowPrivate is not defined
1576363099724	Marionette	INFO	Listening on port 40382
1576363099752	Marionette	WARN	TLS certificate errors will be ignored for this session
1576363099886	Marionette	INFO	Stopped listening on port 40382
1576363500179	mozrunner::runner	INFO	Running command: "firefox" "-marionette" "--private" "--headless" "-foreground" "-no-remote" "-profile" "/tmp/rust_mozprofilemXhGQs"
*** You are running in headless mode.
1576363500645	addons.webextension.screenshots@mozilla.org	WARN	Loading extension 'screenshots@mozilla.org': Reading manifest: Invalid extension permission: mozillaAddons
1576363500645	addons.webextension.screenshots@mozilla.org	WARN	Loading extension 'screenshots@mozilla.org': Reading manifest: Invalid extension permission: telemetry
1576363500646	addons.webextension.screenshots@mozilla.org	WARN	Loading extension 'screenshots@mozilla.org': Reading manifest: Invalid extension permission: resource://pdf.js/
1576363500646	addons.webextension.screenshots@mozilla.org	WARN	Loading extension 'screenshots@mozilla.org': Reading manifest: Invalid extension permission: about:reader*
JavaScript error: chrome://browser/content/aboutPrivateBrowsing.js, line 8: ReferenceError: RPMIsWindowPrivate is not defined
1576363502885	Marionette	INFO	Listening on port 34883
1576363502956	Marionette	WARN	TLS certificate errors will be ignored for this session
JavaScript error: https://www.google.com/intl/en/ipv6/js/statistics.js, line 112: TypeError: v6stats.listenForTabSelect is not a function
JavaScript error: https://www.google.com/intl/en/ipv6/js/statistics.js, line 145: ReferenceError: googleIPv6PerCountryData is not defined
1576363565121	mozrunner::runner	INFO	Running command: "firefox" "-marionette" "--private" "--headless" "-foreground" "-no-remote" "-profile" "/tmp/rust_mozprofileHZKwH0"
*** You are running in headless mode.
1576363565628	addons.webextension.screenshots@mozilla.org	WARN	Loading extension 'screenshots@mozilla.org': Reading manifest: Invalid extension permission: mozillaAddons
1576363565628	addons.webextension.screenshots@mozilla.org	WARN	Loading extension 'screenshots@mozilla.org': Reading manifest: Invalid extension permission: telemetry
1576363565629	addons.webextension.screenshots@mozilla.org	WARN	Loading extension 'screenshots@mozilla.org': Reading manifest: Invalid extension permission: resource://pdf.js/
1576363565629	addons.webextension.screenshots@mozilla.org	WARN	Loading extension 'screenshots@mozilla.org': Reading manifest: Invalid extension permission: about:reader*
JavaScript error: chrome://browser/content/aboutPrivateBrowsing.js, line 8: ReferenceError: RPMIsWindowPrivate is not defined
1576363567940	Marionette	INFO	Listening on port 45053
1576363567965	Marionette	WARN	TLS certificate errors will be ignored for this session
JavaScript error: https://www.google.com/intl/en/ipv6/js/statistics.js, line 112: TypeError: v6stats.listenForTabSelect is not a function
JavaScript error: https://www.google.com/intl/en/ipv6/js/statistics.js, line 145: ReferenceError: googleIPv6PerCountryData is not defined
1576363776219	mozrunner::runner	INFO	Running command: "firefox" "-marionette" "--private" "--headless" "-foreground" "-no-remote" "-profile" "/tmp/rust_mozprofileqwa0XU"
*** You are running in headless mode.
1576363780075	addons.webextension.screenshots@mozilla.org	WARN	Loading extension 'screenshots@mozilla.org': Reading manifest: Invalid extension permission: mozillaAddons
1576363780080	addons.webextension.screenshots@mozilla.org	WARN	Loading extension 'screenshots@mozilla.org': Reading manifest: Invalid extension permission: telemetry
1576363780081	addons.webextension.screenshots@mozilla.org	WARN	Loading extension 'screenshots@mozilla.org': Reading manifest: Invalid extension permission: resource://pdf.js/
1576363780081	addons.webextension.screenshots@mozilla.org	WARN	Loading extension 'screenshots@mozilla.org': Reading manifest: Invalid extension permission: about:reader*
[Child 21075, Chrome_ChildThread] WARNING: pipe error: Broken pipe: file /build/firefox-ofOs95/firefox-71.0+build5/ipc/chromium/src/chrome/common/ipc_channel_posix.cc, line 728
[Child 21075, Chrome_ChildThread] WARNING: pipe error: Broken pipe: file /build/firefox-ofOs95/firefox-71.0+build5/ipc/chromium/src/chrome/common/ipc_channel_posix.cc, line 728
Exiting due to channel error.
